<?xml version="1.0" encoding="UTF-8"?>
<testng-results skipped="0" failed="0" total="1" passed="1">
  <reporter-output>
  </reporter-output>
  <suite name="Default suite" duration-ms="34393" started-at="2019-05-01T16:48:10Z" finished-at="2019-05-01T16:48:45Z">
    <groups>
      <group name="cucumber">
        <method signature="AbstractTestNGCucumberTests.feature(cucumber.api.testng.CucumberFeatureWrapper)[pri:0, instance:cucumberOptions.TestRunner@61832929]" name="feature" class="cucumber.api.testng.AbstractTestNGCucumberTests"/>
      </group> <!-- cucumber -->
    </groups>
    <test name="Default test" duration-ms="34393" started-at="2019-05-01T16:48:10Z" finished-at="2019-05-01T16:48:45Z">
      <class name="cucumberOptions.TestRunner">
        <test-method status="PASS" signature="setUpClass()[pri:0, instance:cucumberOptions.TestRunner@61832929]" name="setUpClass" is-config="true" duration-ms="318" started-at="2019-05-01T17:48:10Z" finished-at="2019-05-01T17:48:11Z">
          <reporter-output>
          </reporter-output>
        </test-method> <!-- setUpClass -->
        <test-method status="PASS" signature="feature(cucumber.api.testng.CucumberFeatureWrapper)[pri:0, instance:cucumberOptions.TestRunner@61832929]" name="feature" duration-ms="33982" started-at="2019-05-01T17:48:11Z" description="Runs Cucumber Feature" data-provider="features" finished-at="2019-05-01T17:48:45Z">
          <params>
            <param index="0">
              <value>
                <![CDATA[SkyNews homepage]]>
              </value>
            </param>
          </params>
          <reporter-output>
          </reporter-output>
        </test-method> <!-- feature -->
        <test-method status="PASS" signature="tearDownClass()[pri:0, instance:cucumberOptions.TestRunner@61832929]" name="tearDownClass" is-config="true" duration-ms="0" started-at="2019-05-01T17:48:45Z" finished-at="2019-05-01T17:48:45Z">
          <reporter-output>
          </reporter-output>
        </test-method> <!-- tearDownClass -->
      </class> <!-- cucumberOptions.TestRunner -->
    </test> <!-- Default test -->
  </suite> <!-- Default suite -->
</testng-results>
